<?xml version="1.0" encoding="UTF-8" ?>
<testsuite errors="0" failures="1" hostname="P-9020" name="testsonarwithdefaultnetbeans.TestSonarWithDefaultNetbeansTest" tests="2" time="0.069" timestamp="2013-10-08T12:35:58">
  <properties>
[...]
</properties>
  <testcase classname="testsonarwithdefaultnetbeans.TestSonarWithDefaultNetbeansTest" name="testAdd" time="0.0020" />
  <testcase classname="testsonarwithdefaultnetbeans.TestSonarWithDefaultNetbeansTest" name="testSubtract" time="0.0080">
    <failure message="expected:&lt;2&gt; but was:&lt;10&gt;" type="junit.framework.AssertionFailedError">junit.framework.AssertionFailedError: expected:&lt;2&gt; but was:&lt;10&gt;
	at testsonarwithdefaultnetbeans.TestSonarWithDefaultNetbeansTest.testSubtract(TestSonarWithDefaultNetbeansTest.java:37)
</failure>
  </testcase>
  <system-out><![CDATA[]]></system-out>
  <system-err><![CDATA[]]></system-err>
</testsuite>
